[10:47:03 PM] Log opened[10:47:04 PM] This is QFTSOM 0.3. In lieu of a proper interface, use the numbers.  Failure to do so can cause crashs.[10:47:04 PM] Here are some game presets. You can change the defaults (rules and exit conditions) which will apply to presets, and/or make your own game. It may not work, note. Being a good person, you'll also give feedback and ideas.[10:47:04 PM] 1: Game #1[10:47:04 PM] 2: Game #2[10:47:04 PM] 3: Game #3[10:47:04 PM] 4: Change Defaults[10:47:04 PM] 5: Custom Game[10:47:04 PM] 6: Ideas[10:47:04 PM] Where do you want to go?  Bad answer! User a number in range[10:47:04 PM] Where do you want to go?  [10:47:10 PM] User: can you change my name[10:47:10 PM] Bad answer! User a number in range[10:47:10 PM] Where do you want to go?  [10:47:12 PM] User: please[10:47:12 PM] Bad answer! User a number in range[10:47:12 PM] Where do you want to go?  [10:47:24 PM] User: lolol[10:47:24 PM] Bad answer! User a number in range[10:47:24 PM] Where do you want to go?  [10:47:30 PM] User: are you reading this[10:47:30 PM] Bad answer! User a number in range[10:47:30 PM] Where do you want to go?  [10:47:30 PM] Log closed.[10:48:25 PM] Log opened[10:48:26 PM] This is QFTSOM 0.3. In lieu of a proper interface, use the numbers.  Failure to do so can cause crashs.[10:48:26 PM] Here are some game presets. You can change the defaults (rules and exit conditions) which will apply to presets, and/or make your own game. It may not work, note. Being a good person, you'll also give feedback and ideas.[10:48:26 PM] 1: Game #1[10:48:26 PM] 2: Game #2[10:48:26 PM] 3: Game #3[10:48:26 PM] 4: Change Defaults[10:48:26 PM] 5: Custom Game[10:48:26 PM] 6: Ideas[10:48:26 PM] Where do you want to go?  Bad answer! User a number in range[10:48:26 PM] Where do you want to go?  [10:48:27 PM] User: [10:48:27 PM] Bad answer! User a number in range[10:48:27 PM] Where do you want to go?  [10:48:33 PM] User: 2[10:48:33 PM] You'll fight an odd taco! (Hint: choose a limb, then an attack)[10:48:33 PM] 0: Left fang, HP: 5[10:48:33 PM] 1: Right fang, HP: 5[10:48:33 PM] 2: Torso, HP: 60[10:48:33 PM] 3: Head, HP: 20[10:48:33 PM] 4: Left arm, HP: 30[10:48:33 PM] 5: Right arm, HP: 30[10:48:33 PM] 6: Left leg, HP: 30[10:48:33 PM] 7: Right leg, HP: 30[10:48:33 PM] Choice? [10:48:35 PM] User: 3[10:48:35 PM] 0: Left bite[10:48:35 PM] 1: Left punch[10:48:35 PM] 2: Right kick[10:48:35 PM] 3: Left kick[10:48:35 PM] 4: Right bite[10:48:35 PM] 5: Stab[10:48:35 PM] 6: Right punch[10:48:35 PM] Choice? [10:48:50 PM] User: 3[10:48:50 PM] no-name has kick'd head![10:48:50 PM] no-name's kick has taken 3 turns[10:48:50 PM] Huminoid Taco's head took 20 DMG, it now has 0 HP[10:48:50 PM] Huminoid Taco has lost his head![10:48:50 PM] Huminoid Taco has lost his left fang![10:48:50 PM] Huminoid Taco died![10:48:50 PM] no-name has vanquished his foes![10:48:50 PM] You must go on to fight wierder stuff![10:48:50 PM] 0: Fang, HP: 5[10:48:50 PM] 1: Head, HP: 30[10:48:50 PM] 2: Tail, HP: 40[10:48:50 PM] Choice? [10:48:54 PM] User: 5[10:48:54 PM] Bad choice! Bad![10:48:54 PM] Choice? [10:48:58 PM] User: 1[10:48:58 PM] 0: Left bite[10:48:58 PM] 1: Left punch[10:48:58 PM] 2: Right kick[10:48:58 PM] 3: Left kick[10:48:58 PM] 4: Right bite[10:48:58 PM] 5: Stab[10:48:58 PM] 6: Right punch[10:48:58 PM] Choice? [10:49:01 PM] User: 1[10:49:01 PM] no-name has punch'd head![10:49:01 PM] no-name's punch has taken 3 turns[10:49:01 PM] Python's head took 15 DMG, it now has 15 HP[10:49:01 PM] Python has whip'd torso![10:49:01 PM] Python's whip has taken 4 turns[10:49:01 PM] no-name's torso took 10 DMG, it now has 50 HP[10:49:01 PM] 0: Fang, HP: 5[10:49:01 PM] 1: Head, HP: 15[10:49:01 PM] 2: Tail, HP: 40[10:49:01 PM] Choice? [10:49:04 PM] User: 5[10:49:04 PM] Bad choice! Bad![10:49:04 PM] Choice? [10:49:07 PM] User: 1[10:49:07 PM] 0: Left bite[10:49:07 PM] 1: Left punch[10:49:07 PM] 2: Right kick[10:49:07 PM] 3: Left kick[10:49:07 PM] 4: Right bite[10:49:07 PM] 5: Stab[10:49:07 PM] 6: Right punch[10:49:07 PM] Choice? [10:49:09 PM] User: 1[10:49:09 PM] no-name has punch'd head![10:49:09 PM] no-name's punch has taken 3 turns[10:49:09 PM] Python's head took 15 DMG, it now has 0 HP[10:49:09 PM] Python has lost his head![10:49:09 PM] Python has lost his fang![10:49:09 PM] Python died![10:49:09 PM] no-name has vanquished his foes![10:49:09 PM] 0: Fang, HP: 5[10:49:09 PM] 1: Head, HP: 30[10:49:09 PM] 2: Tail, HP: 40[10:49:09 PM] Choice? [10:49:10 PM] User: 5[10:49:10 PM] Bad choice! Bad![10:49:10 PM] Choice? [10:49:13 PM] User: 1[10:49:13 PM] 0: Left bite[10:49:13 PM] 1: Left punch[10:49:13 PM] 2: Right kick[10:49:13 PM] 3: Left kick[10:49:13 PM] 4: Right bite[10:49:13 PM] 5: Stab[10:49:13 PM] 6: Right punch[10:49:13 PM] Choice? [10:49:14 PM] User: 1[10:49:14 PM] no-name has punch'd head![10:49:14 PM] no-name's punch has taken 3 turns[10:49:14 PM] Montey's head took 15 DMG, it now has 15 HP[10:49:14 PM] Montey has whip'd right arm![10:49:14 PM] Montey's whip has taken 4 turns[10:49:14 PM] no-name's right arm took 10 DMG, it now has 20 HP[10:49:14 PM] 0: Fang, HP: 5[10:49:14 PM] 1: Head, HP: 15[10:49:14 PM] 2: Tail, HP: 40[10:49:14 PM] Choice? [10:49:15 PM] User: 5[10:49:15 PM] Bad choice! Bad![10:49:15 PM] Choice? [10:49:16 PM] User: 1[10:49:16 PM] 0: Left bite[10:49:16 PM] 1: Left punch[10:49:16 PM] 2: Right kick[10:49:16 PM] 3: Left kick[10:49:16 PM] 4: Right bite[10:49:16 PM] 5: Stab[10:49:16 PM] 6: Right punch[10:49:16 PM] Choice? [10:49:17 PM] User: 1[10:49:17 PM] no-name has punch'd head![10:49:17 PM] no-name's punch has taken 3 turns[10:49:17 PM] Montey's head took 15 DMG, it now has 0 HP[10:49:17 PM] Montey has lost his head![10:49:17 PM] Montey has lost his fang![10:49:17 PM] Montey died![10:49:17 PM] no-name has vanquished his foes![10:49:17 PM] 0: Head, HP: 30[10:49:17 PM] 1: Barb, HP: 10[10:49:17 PM] Choice? [10:49:17 PM] User: 5[10:49:17 PM] Bad choice! Bad![10:49:17 PM] Choice? [10:49:20 PM] User: 0[10:49:20 PM] 0: Left bite[10:49:20 PM] 1: Left punch[10:49:20 PM] 2: Right kick[10:49:20 PM] 3: Left kick[10:49:20 PM] 4: Right bite[10:49:20 PM] 5: Stab[10:49:20 PM] 6: Right punch[10:49:20 PM] Choice? [10:49:21 PM] User: 0[10:49:21 PM] no-name has bite'd head![10:49:21 PM] no-name's bite has taken 3 turns[10:49:21 PM] Beezulbub has sting'd right fang![10:49:21 PM] Beezulbub's sting has taken 3 turns[10:49:21 PM] Beezulbub's head took 5 DMG, it now has 25 HP[10:49:21 PM] Beezulbub's head has been poisoned for 10[10:49:21 PM] no-name's right fang took 2 DMG, it now has 3 HP[10:49:21 PM] no-name's right fang has been poisoned for 20[10:49:21 PM] no-name's right fang took 20 DMG from poison, it now has -17 HP[10:49:21 PM] Beezulbub's head took 10 DMG from poison, it now has 15 HP[10:49:21 PM] no-name has lost his right fang![10:49:21 PM] Beezulbub's head took 9 DMG from poison, it now has 6 HP[10:49:21 PM] Beezulbub's head took 8 DMG from poison, it now has -2 HP[10:49:21 PM] Beezulbub has lost his head![10:49:21 PM] Beezulbub died![10:49:21 PM] no-name has vanquished his foes![10:49:21 PM] That's all the battles to be had[10:49:21 PM] Here are some game presets. You can change the defaults (rules and exit conditions) which will apply to presets, and/or make your own game. It may not work, note. Being a good person, you'll also give feedback and ideas.[10:49:21 PM] 1: Game #1[10:49:21 PM] 2: Game #2[10:49:21 PM] 3: Game #3[10:49:21 PM] 4: Change Defaults[10:49:21 PM] 5: Custom Game[10:49:21 PM] 6: Ideas[10:49:21 PM] Where do you want to go?  [10:49:22 PM] User: 5[10:49:22 PM] You're making your own battle now. It follows defaults, so you don't need to have rules and exits- just people (enemies, normally)[10:49:22 PM] You must use non-numerical choices here. Try help first.[10:49:22 PM] Action? [10:49:24 PM] User: 1[10:49:24 PM] win's inclusion flipped[10:49:24 PM] Action? [10:50:07 PM] User: none[10:50:07 PM] Invalid action, or choice is out of range[10:50:07 PM] Action? [10:50:10 PM] Log closed.[10:50:41 PM] Log opened[10:50:43 PM] User: [10:50:43 PM] This is QFTSOM 0.3. In lieu of a proper interface, use the numbers.  Failure to do so can cause crashs.[10:50:43 PM] User: [10:50:43 PM] Here are some game presets. You can change the defaults (rules and exit conditions) which will apply to presets, and/or make your own game. It may not work, note. Being a good person, you'll also give feedback and ideas.[10:50:43 PM] 1: Game #1[10:50:43 PM] 2: Game #2[10:50:43 PM] 3: Game #3[10:50:43 PM] 4: Change Defaults[10:50:43 PM] 5: Custom Game[10:50:43 PM] 6: Ideas[10:50:43 PM] Where do you want to go?  Bad answer! User a number in range[10:50:43 PM] Where do you want to go?  Bad answer! User a number in range[10:50:43 PM] Where do you want to go?  Bad answer! User a number in range[10:50:43 PM] Where do you want to go?  [10:50:47 PM] User: [10:50:47 PM] Bad answer! User a number in range[10:50:47 PM] Where do you want to go?  [10:50:52 PM] User: 1[10:50:52 PM] The folks you're to fight are simple: they attack he who has the least HP. The town fool, Oddball, does the reverse, whilst the puissant Staffo hits twice as hard as you stick-possesing fools.[10:50:52 PM] 0: No-name, HP: 6[10:50:52 PM] 1: OtherMan, HP: 4[10:50:52 PM] 2: Oddball, HP: 5[10:50:52 PM] 3: Man, HP: 5[10:50:52 PM] 4: Staffo, HP: 5[10:50:52 PM] Target? [10:50:54 PM] User: 1[10:50:54 PM] no-name has poke'd OtherMan![10:50:54 PM] OtherMan has lost 1 health![10:50:54 PM] OtherMan has poke'd Oddball![10:50:54 PM] Oddball has lost 1 health![10:50:54 PM] Oddball has poke'd no-name![10:50:54 PM] no-name has lost 1 health![10:50:54 PM] Man has poke'd OtherMan![10:50:54 PM] OtherMan has lost 1 health![10:50:54 PM] Staffo has hit'd OtherMan![10:50:54 PM] OtherMan has lost 2 health![10:50:54 PM] OtherMan is woefully unlifelike![10:50:54 PM] 4 beings left[10:50:54 PM] 0: No-name, HP: 5[10:50:54 PM] 1: Oddball, HP: 4[10:50:54 PM] 2: Man, HP: 5[10:50:54 PM] 3: Staffo, HP: 5[10:50:54 PM] Target? [10:50:56 PM] Log closed.[05:18:14 PM] Log opened[05:18:15 PM] This is QFTSOM 0.3. In lieu of a proper interface, use the numbers. Failure to do so can cause crashs.[05:18:16 PM] ERROR: Traceback (most recent call last):[05:18:16 PM]   File "/home/glycan/QFTSOM/api/being.py", line 86, in buildbody[05:18:16 PM]     root, *limbs = item[05:18:16 PM] TypeError: 'Limb' object is not iterable[05:18:16 PM] During handling of the above exception, another exception occurred:[05:18:16 PM] Traceback (most recent call last):[05:18:16 PM]   File "/home/glycan/QFTSOM/main.py", line 43, in <module>[05:18:16 PM]     import game[05:18:16 PM]   File "/home/glycan/QFTSOM/game/__init__.py", line 1, in <module>[05:18:16 PM]     from game.nodemap import nodemap[05:18:16 PM]   File "/home/glycan/QFTSOM/game/nodemap.py", line 5, in <module>[05:18:16 PM]     from lib.simple import game as game1[05:18:16 PM]   File "/home/glycan/QFTSOM/lib/simple.py", line 21, in <module>[05:18:16 PM]     player = baseman.instance(shared.name, pthinker, statchanges={"HP":1})[05:18:16 PM]   File "/home/glycan/QFTSOM/api/being.py", line 33, in instance[05:18:16 PM]     return BeingInst(self, name, thinker, belongs, statchanges, changes)[05:18:16 PM]   File "/home/glycan/QFTSOM/api/being.py", line 58, in __init__[05:18:16 PM]     self.buildbody(parent.body)[05:18:16 PM]   File "/home/glycan/QFTSOM/api/being.py", line 97, in buildbody[05:18:16 PM]     newlimbs.append(item.instance(self, uplimb))[05:18:16 PM]   File "/home/glycan/QFTSOM/api/limb.py", line 36, in instance[05:18:16 PM]     return LimbInst(self, being, uplimb, prefix)[05:18:16 PM]   File "/home/glycan/QFTSOM/api/limb.py", line 55, in __init__[05:18:16 PM]     self.applydatarules()[05:18:16 PM]   File "/home/glycan/QFTSOM/api/limb.py", line 84, in applydatarules[05:18:16 PM]     for name, value in self.rules.items():[05:18:16 PM] AttributeError: 'list' object has no attribute 'items'[05:18:16 PM] *--- Failure #15 ---[05:18:16 PM] Failure: [05:18:16 PM] twisted.internet.error.ProcessTerminated: A process has ended with a probable error condition: process ended with exit code 1.[05:18:16 PM] *--- End of Failure #15 ---[05:18:16 PM] Ended with errors![05:22:45 PM] Log closed.