[05:22:27 PM] Log opened[05:22:27 PM] This is QFTSOM 0.3. In lieu of a proper interface, use the numbers. Failure to do so can cause crashs.[05:22:27 PM] ERROR: Traceback (most recent call last):[05:22:27 PM]   File "/home/glycan/QFTSOM/api/being.py", line 86, in buildbody[05:22:27 PM]     root, *limbs = item[05:22:27 PM] TypeError: 'Limb' object is not iterable[05:22:27 PM] During handling of the above exception, another exception occurred:[05:22:27 PM] Traceback (most recent call last):[05:22:27 PM]   File "/home/glycan/QFTSOM/main.py", line 43, in <module>[05:22:27 PM]     import game[05:22:27 PM]   File "/home/glycan/QFTSOM/game/__init__.py", line 1, in <module>[05:22:27 PM]     from game.nodemap import nodemap[05:22:27 PM]   File "/home/glycan/QFTSOM/game/nodemap.py", line 5, in <module>[05:22:27 PM]     from lib.simple import game as game1[05:22:27 PM]   File "/home/glycan/QFTSOM/lib/simple.py", line 21, in <module>[05:22:27 PM]     player = baseman.instance(shared.name, pthinker, statchanges={"HP":1})[05:22:27 PM]   File "/home/glycan/QFTSOM/api/being.py", line 33, in instance[05:22:27 PM]     return BeingInst(self, name, thinker, belongs, statchanges, changes)[05:22:27 PM]   File "/home/glycan/QFTSOM/api/being.py", line 58, in __init__[05:22:27 PM]     self.buildbody(parent.body)[05:22:27 PM]   File "/home/glycan/QFTSOM/api/being.py", line 97, in buildbody[05:22:27 PM]     newlimbs.append(item.instance(self, uplimb))[05:22:27 PM]   File "/home/glycan/QFTSOM/api/limb.py", line 36, in instance[05:22:27 PM]     return LimbInst(self, being, uplimb, prefix)[05:22:27 PM]   File "/home/glycan/QFTSOM/api/limb.py", line 55, in __init__[05:22:27 PM]     self.applydatarules()[05:22:27 PM]   File "/home/glycan/QFTSOM/api/limb.py", line 84, in applydatarules[05:22:27 PM]     for name, value in self.rules.items():[05:22:27 PM] AttributeError: 'list' object has no attribute 'items'[05:22:27 PM] *--- Failure #17 ---[05:22:27 PM] Failure: [05:22:27 PM] twisted.internet.error.ProcessTerminated: A process has ended with a probable error condition: process ended with exit code 1.[05:22:27 PM] *--- End of Failure #17 ---[05:22:27 PM] Ended with errors![05:22:43 PM] Log closed.[05:30:31 PM] Log opened[05:30:31 PM] This is QFTSOM 0.3. In lieu of a proper interface, use the numbers. Failure to do so can cause crashs.[05:30:31 PM] ERROR: Traceback (most recent call last):[05:30:31 PM]   File "/home/glycan/QFTSOM/api/being.py", line 86, in buildbody[05:30:31 PM]     root, *limbs = item[05:30:31 PM] TypeError: 'Limb' object is not iterable[05:30:31 PM] During handling of the above exception, another exception occurred:[05:30:31 PM] Traceback (most recent call last):[05:30:31 PM]   File "/home/glycan/QFTSOM/main.py", line 43, in <module>[05:30:31 PM]     import game[05:30:31 PM]   File "/home/glycan/QFTSOM/game/__init__.py", line 1, in <module>[05:30:31 PM]     from game.nodemap import nodemap[05:30:31 PM]   File "/home/glycan/QFTSOM/game/nodemap.py", line 5, in <module>[05:30:31 PM]     from lib.simple import game as game1[05:30:31 PM]   File "/home/glycan/QFTSOM/lib/simple.py", line 21, in <module>[05:30:31 PM]     player = baseman.instance(shared.name, pthinker, statchanges={"HP":1})[05:30:31 PM]   File "/home/glycan/QFTSOM/api/being.py", line 33, in instance[05:30:31 PM]     return BeingInst(self, name, thinker, belongs, statchanges, changes)[05:30:31 PM]   File "/home/glycan/QFTSOM/api/being.py", line 58, in __init__[05:30:31 PM]     self.buildbody(parent.body)[05:30:31 PM]   File "/home/glycan/QFTSOM/api/being.py", line 97, in buildbody[05:30:31 PM]     newlimbs.append(item.instance(self, uplimb))[05:30:31 PM]   File "/home/glycan/QFTSOM/api/limb.py", line 36, in instance[05:30:31 PM]     return LimbInst(self, being, uplimb, prefix)[05:30:31 PM]   File "/home/glycan/QFTSOM/api/limb.py", line 55, in __init__[05:30:31 PM]     self.applydatarules()[05:30:31 PM]   File "/home/glycan/QFTSOM/api/limb.py", line 84, in applydatarules[05:30:31 PM]     for name, value in self.rules.items():[05:30:31 PM] AttributeError: 'list' object has no attribute 'items'[05:30:31 PM] *--- Failure #21 ---[05:30:31 PM] Failure: [05:30:31 PM] twisted.internet.error.ProcessTerminated: A process has ended with a probable error condition: process ended with exit code 1.[05:30:31 PM] *--- End of Failure #21 ---[05:30:31 PM] Ended with errors![05:30:59 PM] Log closed.[05:31:05 PM] Log opened[05:31:05 PM] This is QFTSOM 0.3. In lieu of a proper interface, use the numbers. Failure to do so can cause crashs.[05:31:05 PM] ERROR: Traceback (most recent call last):[05:31:05 PM]   File "/home/glycan/QFTSOM/api/being.py", line 86, in buildbody[05:31:05 PM]     root, *limbs = item[05:31:05 PM] TypeError: 'Limb' object is not iterable[05:31:05 PM] During handling of the above exception, another exception occurred:[05:31:05 PM] Traceback (most recent call last):[05:31:05 PM]   File "/home/glycan/QFTSOM/main.py", line 43, in <module>[05:31:05 PM]     import game[05:31:05 PM]   File "/home/glycan/QFTSOM/game/__init__.py", line 1, in <module>[05:31:05 PM]     from game.nodemap import nodemap[05:31:05 PM]   File "/home/glycan/QFTSOM/game/nodemap.py", line 5, in <module>[05:31:05 PM]     from lib.simple import game as game1[05:31:05 PM]   File "/home/glycan/QFTSOM/lib/simple.py", line 21, in <module>[05:31:05 PM]     player = baseman.instance(shared.name, pthinker, statchanges={"HP":1})[05:31:05 PM]   File "/home/glycan/QFTSOM/api/being.py", line 33, in instance[05:31:05 PM]     return BeingInst(self, name, thinker, belongs, statchanges, changes)[05:31:05 PM]   File "/home/glycan/QFTSOM/api/being.py", line 58, in __init__[05:31:05 PM]     self.buildbody(parent.body)[05:31:05 PM]   File "/home/glycan/QFTSOM/api/being.py", line 97, in buildbody[05:31:05 PM]     newlimbs.append(item.instance(self, uplimb))[05:31:05 PM]   File "/home/glycan/QFTSOM/api/limb.py", line 36, in instance[05:31:05 PM]     return LimbInst(self, being, uplimb, prefix)[05:31:05 PM]   File "/home/glycan/QFTSOM/api/limb.py", line 55, in __init__[05:31:05 PM]     self.applydatarules()[05:31:05 PM]   File "/home/glycan/QFTSOM/api/limb.py", line 84, in applydatarules[05:31:05 PM]     for name, value in self.rules.items():[05:31:05 PM] AttributeError: 'list' object has no attribute 'items'[05:31:05 PM] *--- Failure #24 ---[05:31:05 PM] Failure: [05:31:05 PM] twisted.internet.error.ProcessTerminated: A process has ended with a probable error condition: process ended with exit code 1.[05:31:05 PM] *--- End of Failure #24 ---[05:31:05 PM] Ended with errors![05:31:41 PM] Log closed.[06:22:23 PM] Log opened[06:22:23 PM] This is QFTSOM 0.3. In lieu of a proper interface, use the numbers. Failure to do so can cause crashs.[06:22:23 PM] ERROR: Traceback (most recent call last):[06:22:23 PM]   File "/home/glycan/QFTSOM/api/being.py", line 86, in buildbody[06:22:23 PM]     root, *limbs = item[06:22:23 PM] TypeError: 'Limb' object is not iterable[06:22:23 PM] During handling of the above exception, another exception occurred:[06:22:23 PM] Traceback (most recent call last):[06:22:23 PM]   File "/home/glycan/QFTSOM/main.py", line 43, in <module>[06:22:23 PM]     import game[06:22:23 PM]   File "/home/glycan/QFTSOM/game/__init__.py", line 1, in <module>[06:22:23 PM]     from game.nodemap import nodemap[06:22:23 PM]   File "/home/glycan/QFTSOM/game/nodemap.py", line 5, in <module>[06:22:23 PM]     from lib.simple import game as game1[06:22:23 PM]   File "/home/glycan/QFTSOM/lib/simple.py", line 21, in <module>[06:22:23 PM]     player = baseman.instance(shared.name, pthinker, statchanges={"HP":1})[06:22:23 PM]   File "/home/glycan/QFTSOM/api/being.py", line 33, in instance[06:22:23 PM]     return BeingInst(self, name, thinker, belongs, statchanges, changes)[06:22:23 PM]   File "/home/glycan/QFTSOM/api/being.py", line 58, in __init__[06:22:23 PM]     self.buildbody(parent.body)[06:22:23 PM]   File "/home/glycan/QFTSOM/api/being.py", line 97, in buildbody[06:22:23 PM]     newlimbs.append(item.instance(self, uplimb))[06:22:23 PM]   File "/home/glycan/QFTSOM/api/limb.py", line 36, in instance[06:22:23 PM]     return LimbInst(self, being, uplimb, prefix)[06:22:23 PM]   File "/home/glycan/QFTSOM/api/limb.py", line 55, in __init__[06:22:23 PM]     self.applydatarules()[06:22:23 PM]   File "/home/glycan/QFTSOM/api/limb.py", line 84, in applydatarules[06:22:23 PM]     for name, value in self.rules.items():[06:22:23 PM] AttributeError: 'list' object has no attribute 'items'[06:22:23 PM] *--- Failure #27 ---[06:22:23 PM] Failure: [06:22:23 PM] twisted.internet.error.ProcessTerminated: A process has ended with a probable error condition: process ended with exit code 1.[06:22:23 PM] *--- End of Failure #27 ---[06:22:23 PM] Ended with errors![06:22:33 PM] Log closed.[06:22:56 PM] Log opened[06:22:56 PM] This is QFTSOM 0.3. In lieu of a proper interface, use the numbers. Failure to do so can cause crashs.[06:22:56 PM] ERROR: Traceback (most recent call last):[06:22:56 PM]   File "/home/glycan/QFTSOM/api/being.py", line 86, in buildbody[06:22:56 PM]     root, *limbs = item[06:22:56 PM] TypeError: 'Limb' object is not iterable[06:22:56 PM] During handling of the above exception, another exception occurred:[06:22:56 PM] Traceback (most recent call last):[06:22:56 PM]   File "/home/glycan/QFTSOM/main.py", line 43, in <module>[06:22:56 PM]     import game[06:22:56 PM]   File "/home/glycan/QFTSOM/game/__init__.py", line 1, in <module>[06:22:56 PM]     from game.nodemap import nodemap[06:22:56 PM]   File "/home/glycan/QFTSOM/game/nodemap.py", line 5, in <module>[06:22:56 PM]     from lib.simple import game as game1[06:22:56 PM]   File "/home/glycan/QFTSOM/lib/simple.py", line 21, in <module>[06:22:56 PM]     player = baseman.instance(shared.name, pthinker, statchanges={"HP":1})[06:22:56 PM]   File "/home/glycan/QFTSOM/api/being.py", line 33, in instance[06:22:56 PM]     return BeingInst(self, name, thinker, belongs, statchanges, changes)[06:22:56 PM]   File "/home/glycan/QFTSOM/api/being.py", line 58, in __init__[06:22:56 PM]     self.buildbody(parent.body)[06:22:56 PM]   File "/home/glycan/QFTSOM/api/being.py", line 97, in buildbody[06:22:56 PM]     newlimbs.append(item.instance(self, uplimb))[06:22:56 PM]   File "/home/glycan/QFTSOM/api/limb.py", line 36, in instance[06:22:56 PM]     return LimbInst(self, being, uplimb, prefix)[06:22:56 PM]   File "/home/glycan/QFTSOM/api/limb.py", line 55, in __init__[06:22:56 PM]     self.applydatarules()[06:22:56 PM]   File "/home/glycan/QFTSOM/api/limb.py", line 84, in applydatarules[06:22:56 PM]     for name, value in self.rules.items():[06:22:56 PM] AttributeError: 'list' object has no attribute 'items'[06:22:56 PM] *--- Failure #30 ---[06:22:56 PM] Failure: [06:22:56 PM] twisted.internet.error.ProcessTerminated: A process has ended with a probable error condition: process ended with exit code 1.[06:22:56 PM] *--- End of Failure #30 ---[06:22:56 PM] Ended with errors![06:23:07 PM] Log closed.[06:24:36 PM] Log opened[06:24:36 PM] This is QFTSOM 0.3. In lieu of a proper interface, use the numbers. Failure to do so can cause crashs.[06:24:36 PM] ERROR: Traceback (most recent call last):[06:24:36 PM]   File "/home/glycan/QFTSOM/api/being.py", line 86, in buildbody[06:24:36 PM]     root, *limbs = item[06:24:36 PM] TypeError: 'Limb' object is not iterable[06:24:36 PM] During handling of the above exception, another exception occurred:[06:24:36 PM] Traceback (most recent call last):[06:24:36 PM]   File "/home/glycan/QFTSOM/main.py", line 43, in <module>[06:24:36 PM]     import game[06:24:36 PM]   File "/home/glycan/QFTSOM/game/__init__.py", line 1, in <module>[06:24:36 PM]     from game.nodemap import nodemap[06:24:36 PM]   File "/home/glycan/QFTSOM/game/nodemap.py", line 5, in <module>[06:24:36 PM]     from lib.simple import game as game1[06:24:36 PM]   File "/home/glycan/QFTSOM/lib/simple.py", line 21, in <module>[06:24:36 PM]     player = baseman.instance(shared.name, pthinker, statchanges={"HP":1})[06:24:36 PM]   File "/home/glycan/QFTSOM/api/being.py", line 33, in instance[06:24:36 PM]     return BeingInst(self, name, thinker, belongs, statchanges, changes)[06:24:36 PM]   File "/home/glycan/QFTSOM/api/being.py", line 58, in __init__[06:24:36 PM]     self.buildbody(parent.body)[06:24:36 PM]   File "/home/glycan/QFTSOM/api/being.py", line 97, in buildbody[06:24:36 PM]     newlimbs.append(item.instance(self, uplimb))[06:24:36 PM]   File "/home/glycan/QFTSOM/api/limb.py", line 36, in instance[06:24:36 PM]     return LimbInst(self, being, uplimb, prefix)[06:24:36 PM]   File "/home/glycan/QFTSOM/api/limb.py", line 55, in __init__[06:24:36 PM]     self.applydatarules()[06:24:36 PM]   File "/home/glycan/QFTSOM/api/limb.py", line 84, in applydatarules[06:24:36 PM]     for name, value in self.rules.items():[06:24:36 PM] AttributeError: 'list' object has no attribute 'items'[06:24:37 PM] *--- Failure #33 ---[06:24:37 PM] Failure: [06:24:37 PM] twisted.internet.error.ProcessTerminated: A process has ended with a probable error condition: process ended with exit code 1.[06:24:37 PM] *--- End of Failure #33 ---[06:24:37 PM] Ended with errors![06:24:53 PM] Log closed.[06:30:45 PM] Log opened[06:30:45 PM] This is QFTSOM 0.3. In lieu of a proper interface, use the numbers. Failure to do so can cause crashs.[06:30:45 PM] ERROR: Traceback (most recent call last):[06:30:45 PM]   File "/home/glycan/QFTSOM/api/being.py", line 86, in buildbody[06:30:45 PM]     root, *limbs = item[06:30:45 PM] TypeError: 'Limb' object is not iterable[06:30:45 PM] During handling of the above exception, another exception occurred:[06:30:45 PM] Traceback (most recent call last):[06:30:45 PM]   File "/home/glycan/QFTSOM/main.py", line 43, in <module>[06:30:45 PM]     import game[06:30:45 PM]   File "/home/glycan/QFTSOM/game/__init__.py", line 1, in <module>[06:30:45 PM]     from game.nodemap import nodemap[06:30:45 PM]   File "/home/glycan/QFTSOM/game/nodemap.py", line 5, in <module>[06:30:45 PM]     from lib.simple import game as game1[06:30:45 PM]   File "/home/glycan/QFTSOM/lib/simple.py", line 21, in <module>[06:30:45 PM]     player = baseman.instance(shared.name, pthinker, statchanges={"HP":1})[06:30:45 PM]   File "/home/glycan/QFTSOM/api/being.py", line 33, in instance[06:30:45 PM]     return BeingInst(self, name, thinker, belongs, statchanges, changes)[06:30:45 PM]   File "/home/glycan/QFTSOM/api/being.py", line 58, in __init__[06:30:45 PM]     self.buildbody(parent.body)[06:30:45 PM]   File "/home/glycan/QFTSOM/api/being.py", line 97, in buildbody[06:30:45 PM]     newlimbs.append(item.instance(self, uplimb))[06:30:45 PM]   File "/home/glycan/QFTSOM/api/limb.py", line 36, in instance[06:30:45 PM]     return LimbInst(self, being, uplimb, prefix)[06:30:45 PM]   File "/home/glycan/QFTSOM/api/limb.py", line 55, in __init__[06:30:45 PM]     self.applydatarules()[06:30:45 PM]   File "/home/glycan/QFTSOM/api/limb.py", line 84, in applydatarules[06:30:45 PM]     for name, value in self.rules.items():[06:30:45 PM] AttributeError: 'list' object has no attribute 'items'[06:30:45 PM] *--- Failure #36 ---[06:30:45 PM] Failure: [06:30:45 PM] twisted.internet.error.ProcessTerminated: A process has ended with a probable error condition: process ended with exit code 1.[06:30:45 PM] *--- End of Failure #36 ---[06:30:45 PM] Ended with errors![06:30:55 PM] Log closed.[07:14:34 PM] Log opened[07:14:35 PM] This is QFTSOM 0.3. In lieu of a proper interface, use the numbers. Failure to do so can cause crashs.[07:14:35 PM] Here are some game presets. You can change the defaults (rules and exit conditions) which will apply to presets, and/or make your own game. It may not work, note. Being a good person, you'll also give feedback and ideas.[07:14:35 PM] 1: Game #1[07:14:35 PM] 2: Game #2[07:14:35 PM] 3: Game #3[07:14:35 PM] 4: Change Defaults[07:14:35 PM] 5: Custom Game[07:14:35 PM] 6: Ideas[07:14:35 PM] Where do you want to go?  [07:14:39 PM] User: 1[07:14:39 PM] The folks you're to fight are simple: they attack he who has the least HP. The town fool, Oddball, does the reverse, whilst the puissant Staffo hits twice as hard as you stick-possesing fools.[07:14:39 PM] 0: Monkey11, HP: 6[07:14:39 PM] 1: OtherMan, HP: 4[07:14:39 PM] 2: Oddball, HP: 5[07:14:39 PM] 3: Man, HP: 5[07:14:39 PM] 4: Staffo, HP: 5[07:14:39 PM] Target? [07:14:43 PM] User: 1[07:14:43 PM] Monkey11 has poke'd OtherMan![07:14:43 PM] OtherMan has lost 1 health![07:14:43 PM] OtherMan has poke'd Oddball![07:14:43 PM] Oddball has lost 1 [07:14:43 PM] health![07:14:43 PM] Oddball has poke'd Monkey11![07:14:43 PM] Monkey11 has lost 1 health![07:14:43 PM] Man has poke'd OtherMan![07:14:43 PM] OtherMan has lost 1 health![07:14:43 PM] Staffo has hit'd OtherMan![07:14:43 PM] OtherMan has lost 2 health![07:14:43 PM] OtherMan is woefully unlifelike![07:14:43 PM] 4[07:14:43 PM]  beings left[07:14:43 PM] 0: Monkey11, HP: 5[07:14:43 PM] 1: Oddball, HP: 4[07:14:43 PM] 2: Man, HP: 5[07:14:43 PM] 3: Staffo, HP: 5[07:14:43 PM] Target? [07:14:55 PM] User: 3[07:14:55 PM] Monkey11 has poke'd Staffo![07:14:55 PM] Staffo has lost 1 health![07:14:55 PM] Oddball has poke'd Monkey11![07:14:55 PM] Monkey11 has lost 1 health![07:14:55 PM] Man has poke'd Monkey11![07:14:55 PM] Monkey11 has lost 1 health![07:14:55 PM] Staffo has hit'd Monkey11![07:14:55 PM] Monkey11 has lost 2 health![07:14:55 PM] 0: Monkey11, HP: 1[07:14:55 PM] 1: Oddball, HP: 4[07:14:55 PM] 2: Man, HP: 5[07:14:55 PM] 3: Staffo, HP: 4[07:14:55 PM] Target? [07:14:58 PM] User: 3[07:14:58 PM] Monkey11 has poke'd Staffo![07:14:58 PM] Staffo has lost 1 health![07:14:58 PM] Oddball has poke'd Man![07:14:58 PM] Man has lost 1 health![07:14:58 PM] Man has poke'd Monkey11![07:14:58 PM] Monkey11 has lost 1 health![07:14:58 PM] Monkey11 is woefully unlifelike![07:14:58 PM] 3 beings left[07:14:58 PM] Staffo has hit'd Oddball![07:14:58 PM] Oddball has lost 2 health![07:14:58 PM] Oddball has poke'd Man![07:14:58 PM] Man has lost 1 health![07:14:58 PM] Man has poke'd Oddball![07:14:58 PM] Oddball has lost 1 health![07:14:58 PM] Staffo has hit'd Oddball![07:14:58 PM] Oddball has lost 2 health![07:14:58 PM] Oddball is woefully unlifelike![07:14:58 PM] 2 beings left[07:14:58 PM] Man has poke'd Staffo![07:14:58 PM] Staffo has lost 1 health![07:14:58 PM] Staffo has hit'd Man![07:14:58 PM] Man has lost 2 health![07:14:58 PM] Man has poke'd Staffo![07:14:58 PM] Staffo has lost 1 health![07:14:58 PM] Staffo has hit'd Man![07:14:58 PM] Man has lost 2 health![07:14:58 PM] Man is woefully unlifelike![07:14:58 PM] Staffo has vanquished his foes![07:14:58 PM] Here are some game presets. You can change the defaults (rules and exit conditions) which will apply to presets, and/or make your own game. It may not work, note. Being a good person, you'll also give feedback and ideas.[07:14:58 PM] 1: Game #1[07:14:58 PM] 2: Game #2[07:14:58 PM] 3: Game #3[07:14:58 PM] 4: Change Defaults[07:14:58 PM] 5: Custom Game[07:14:58 PM] 6: Ideas[07:14:58 PM] Where do you want to go?  [07:15:00 PM] User: 1[07:15:00 PM] The folks you're to fight are simple: they attack he who has the least HP. The town fool, Oddball, does the reverse, whilst the puissant Staffo hits twice as hard as you stick-possesing fools.[07:15:00 PM] 0: Monkey11, HP: 6[07:15:00 PM] 1: OtherMan, HP: 4[07:15:00 PM] 2: Oddball, HP: 5[07:15:00 PM] 3: Man, HP: 5[07:15:00 PM] 4: Staffo, HP: 5[07:15:00 PM] Target? [07:15:02 PM] User: 4[07:15:02 PM] Monkey11 has poke'd Staffo![07:15:02 PM] Staffo has lost 1 health![07:15:02 PM] OtherMan has poke'd Staffo![07:15:02 PM] Staffo has lost 1 health![07:15:02 PM] Oddball has poke'd Monkey11![07:15:02 PM] Monkey11 has lost 1 health![07:15:02 PM] Man has poke'd Staffo![07:15:02 PM] Staffo has lost 1 health![07:15:02 PM] Staffo has hit'd OtherMan![07:15:02 PM] OtherMan[07:15:02 PM]  has lost 2 health![07:15:02 PM] 0: Monkey11, HP: 5[07:15:02 PM] 1: OtherMan, HP: 2[07:15:02 PM] 2: Oddball, HP: 5[07:15:02 PM] 3: Man, HP: 5[07:15:02 PM] 4: Staffo, HP: 2[07:15:02 PM] Target? [07:15:10 PM] User: 2[07:15:10 PM] Monkey11 has poke'd Oddball![07:15:10 PM] Oddball has lost 1 health![07:15:10 PM] OtherMan has poke'd Staffo![07:15:10 PM] Staffo has lost 1 health![07:15:10 PM] Oddball has poke'd Monkey11![07:15:10 PM] Monkey11 has lost 1 health![07:15:10 PM] Man has poke'd Staffo![07:15:10 PM] Staffo has lost 1 health![07:15:10 PM] Staffo is woefully unlifelike![07:15:10 PM] 4 beings left[07:15:10 PM] 0: Monkey11, HP: 4[07:15:10 PM] 1: OtherMan, HP: 2[07:15:10 PM] 2: Oddball, HP: 4[07:15:10 PM] 3: Man, HP: 5[07:15:10 PM] Target? [07:15:17 PM] User: 2[07:15:17 PM] Monkey11 has poke'd Oddball![07:15:17 PM] Oddball has lost 1 health![07:15:17 PM] OtherMan has poke'd Oddball![07:15:17 PM] Oddball has lost 1 health![07:15:17 PM] Oddball has poke'd Man![07:15:17 PM] Man has lost 1 health![07:15:17 PM] Man has poke'd OtherMan![07:15:17 PM] OtherMan has lost 1 health![07:15:17 PM] 0: Monkey11, HP: 4[07:15:17 PM] 1: OtherMan, HP: 1[07:15:17 PM] 2: Oddball, HP: 2[07:15:17 PM] 3: Man, HP: 4[07:15:17 PM] Target? [07:15:20 PM] User: 2[07:15:20 PM] Monkey11 has poke'd Oddball![07:15:20 PM] Oddball has lost 1 health![07:15:20 PM] OtherMan has poke'd Oddball![07:15:20 PM] Oddball has lost 1 health![07:15:20 PM] Oddball is woefully unlifelike![07:15:20 PM] 3 beings left[07:15:20 PM] Man has poke'd OtherMan![07:15:20 PM] OtherMan has lost [07:15:20 PM] 1 health![07:15:20 PM] OtherMan is woefully unlifelike![07:15:20 PM] 2[07:15:20 PM]  beings left[07:15:20 PM] 0: Monkey11, HP: 4[07:15:20 PM] 1: Man, HP: 4[07:15:20 PM] Target? [07:15:23 PM] User: 1[07:15:23 PM] Monkey11 has poke'd Man![07:15:23 PM] Man has lost 1 health![07:15:23 PM] Man has poke'd Monkey11![07:15:23 PM] Monkey11 has lost 1 health![07:15:23 PM] 0: Monkey11, HP: 3[07:15:23 PM] 1: Man, HP: 3[07:15:23 PM] Target? [07:15:24 PM] User: 1[07:15:24 PM] Monkey11 has poke'd Man![07:15:24 PM] Man has lost 1 health![07:15:24 PM] Man has poke'd Monkey11![07:15:24 PM] Monkey11 has lost 1 health![07:15:24 PM] 0: Monkey11, HP: 2[07:15:24 PM] 1: Man, HP: 2[07:15:24 PM] Target? [07:15:25 PM] User: 1[07:15:25 PM] Monkey11 has poke'd Man![07:15:25 PM] Man has lost 1 health![07:15:25 PM] Man has poke'd Monkey11![07:15:25 PM] Monkey11 has lost 1 health![07:15:25 PM] 0: Monkey11, HP: 1[07:15:25 PM] 1: Man, HP: 1[07:15:25 PM] Target? [07:15:26 PM] User: 1[07:15:26 PM] Monkey11 has poke'd Man![07:15:26 PM] Man has lost 1 health![07:15:26 PM] Man is woefully unlifelike![07:15:26 PM] Monkey11 has vanquished his foes![07:15:26 PM] Here are some game presets. You can change the defaults (rules and exit conditions) which will apply to presets, and/or make your own game. It may not work, note. Being a good person, you'll also give feedback and ideas.[07:15:26 PM] 1: Game #1[07:15:26 PM] 2: Game #2[07:15:26 PM] 3: Game #3[07:15:26 PM] 4: Change Defaults[07:15:26 PM] 5: Custom Game[07:15:26 PM] 6: Ideas[07:15:26 PM] Where do you want to go?  [07:15:38 PM] Log closed.[07:16:16 PM] Log opened[07:16:16 PM] This is QFTSOM 0.3. In lieu of a proper interface, use the numbers. Failure to do so can cause crashs.[07:16:16 PM] Here are some game presets. You can change the defaults (rules and exit conditions) which will apply to presets, and/or make your own game. It may not work, note. Being a good person, you'll also give feedback and ideas.[07:16:16 PM] 1: Game #1[07:16:16 PM] 2: Game #2[07:16:16 PM] 3: Game #3[07:16:16 PM] 4: Change Defaults[07:16:16 PM] 5: Custom Game[07:16:16 PM] 6: Ideas[07:16:16 PM] Where do you want to go?  [07:16:26 PM] User: 2[07:16:26 PM] You'll fight a taco! (Hint: choose a limb, then an attack)[07:16:26 PM] 0: Left fang, HP: 5[07:16:26 PM] 1: Right fang, HP: 5[07:16:26 PM] 2: Torso, HP: 60[07:16:26 PM] 3: Head, HP: 20[07:16:26 PM] 4: Left arm, HP: 30[07:16:26 PM] 5: Right arm, HP: 30[07:16:26 PM] 6: Left leg, HP: 30[07:16:26 PM] 7: Right leg, HP: 30[07:16:26 PM] Choice? [07:16:30 PM] User: 8[07:16:30 PM] Bad choice! Bad![07:16:30 PM] Choice? [07:16:32 PM] User: 0[07:16:32 PM] 0: Left bite[07:16:32 PM] 1: Left punch[07:16:32 PM] 2: Right kick[07:16:32 PM] 3: Left kick[07:16:32 PM] 4: Right bite[07:16:32 PM] 5: Stab[07:16:32 PM] 6: Right punch[07:16:32 PM] Choice? [07:16:34 PM] User: 7[07:16:34 PM] Bad choice! Bad![07:16:34 PM] Choice? [07:16:36 PM] User: 0[07:16:36 PM] Monkey11 has bite'd Huminoid Taco's left fang![07:16:36 PM] Monkey11's bite will take 3 turns[07:16:36 PM] Huminoid Taco's left fang took 5 DMG, it now has 0 HP![07:16:36 PM] Huminoid Taco's left fang has 10 poison markers.[07:16:36 PM] Huminoid Taco's left fang took 10 DMG from poison, it now has -10 HP[07:16:36 PM] Huminoid Taco has lost his left fang![07:16:36 PM] Huminoid Taco has kick'd Monkey11's left leg![07:16:36 PM] Huminoid Taco's kick will take 4 turns[07:16:36 PM] Monkey11's left leg took 20 DMG, it now has 10 HP![07:16:36 PM] 0: Right fang, HP: 5[07:16:36 PM] 1: Torso, HP: 60[07:16:36 PM] 2: Head, HP: 20[07:16:36 PM] 3: Left arm, HP: 30[07:16:36 PM] 4: Right arm, HP: 30[07:16:36 PM] 5: Left leg, HP: 30[07:16:36 PM] 6: Right leg, HP: 30[07:16:36 PM] Choice? [07:16:38 PM] User: 1[07:16:38 PM] 0: Left bite[07:16:38 PM] 1: Left punch[07:16:38 PM] 2: Right kick[07:16:38 PM] 3: Left kick[07:16:38 PM] 4: Right bite[07:16:38 PM] 5: Stab[07:16:38 PM] 6: Right punch[07:16:38 PM] Choice? [07:16:38 PM] User: 1[07:16:38 PM] Monkey11 has punch'd Huminoid Taco's torso![07:16:38 PM] Monkey11's punch will take 5 turns[07:16:38 PM] Huminoid Taco's torso took 15 DMG, it now has 45 HP![07:16:38 PM] Huminoid Taco has stab'd Monkey11's right fang![07:16:38 PM] Huminoid Taco's stab will take 3 turns[07:16:38 PM] Monkey11's right fang took 5 DMG, it now has 0 HP![07:16:38 PM] Monkey11's right fang has 5 poison markers.[07:16:38 PM] Monkey11's right fang took 5 DMG from poison, it now has -5 HP[07:16:38 PM] Monkey11 has lost his right fang![07:16:38 PM] 0: Right fang, HP: 5[07:16:38 PM] 1: Torso, HP: 45[07:16:38 PM] 2: Head, HP: 20[07:16:38 PM] 3: Left arm, HP: 30[07:16:38 PM] 4: Right arm, HP: 30[07:16:38 PM] 5: Left leg, HP: 30[07:16:38 PM] 6: Right leg, HP: 30[07:16:38 PM] Choice? [07:16:38 PM] User: 1[07:16:38 PM] 0: Left punch[07:16:38 PM] 1: Right kick[07:16:38 PM] 2: Left kick[07:16:38 PM] 3: Stab[07:16:38 PM] 4: Right punch[07:16:38 PM] Choice? [07:16:38 PM] User: 1[07:16:38 PM] Monkey11 has kick'd Huminoid Taco's torso![07:16:38 PM] Monkey11's kick will take 3 turns[07:16:38 PM] Huminoid Taco has kick'd Monkey11's right leg![07:16:38 PM] Huminoid Taco's kick will take 4 turns[07:16:38 PM] Huminoid Taco's torso took 20 DMG, it now has 25 HP![07:16:38 PM] Monkey11's right leg took 20 DMG, it now has 10 HP![07:16:38 PM] 0: Right fang, HP: 5[07:16:38 PM] 1: Torso, HP: 25[07:16:38 PM] 2: Head, HP: 20[07:16:38 PM] 3: Left arm, HP: 30[07:16:38 PM] 4: Right arm, HP: 30[07:16:38 PM] 5: Left leg, HP: 30[07:16:38 PM] 6: Right leg, HP: 30[07:16:38 PM] Choice? [07:16:39 PM] User: 1[07:16:39 PM] 0: Left punch[07:16:39 PM] 1: Right kick[07:16:39 PM] 2: Left kick[07:16:39 PM] 3: Stab[07:16:39 PM] 4: Right punch[07:16:39 PM] Choice? [07:16:39 PM] User: 1[07:16:39 PM] Monkey11 has kick'd Huminoid Taco's torso![07:16:39 PM] Monkey11's kick will take 3 turns[07:16:39 PM] Huminoid Taco's torso took 20 DMG, it now has 5 HP![07:16:39 PM] Huminoid Taco has stab'd Monkey11's left arm![07:16:39 PM] Huminoid Taco's stab will take 3 turns[07:16:39 PM] Monkey11's left arm took 5 DMG, it now has 25 HP![07:16:39 PM] Monkey11's left arm has 5 poison markers.[07:16:39 PM] Monkey11's left arm took 5 DMG from poison, it now has 20 HP[07:16:39 PM] Monkey11's left arm took 4 DMG from poison, it now has 16 HP[07:16:39 PM] 0: Right fang, HP: 5[07:16:39 PM] 1: Torso, HP: 5[07:16:39 PM] 2: Head, HP: 20[07:16:39 PM] 3: Left arm, HP: 30[07:16:39 PM] 4: Right arm, HP: 30[07:16:39 PM] 5: Left leg, HP: 30[07:16:39 PM] 6: Right leg, HP: 30[07:16:39 PM] Choice? [07:16:39 PM] User: 1[07:16:39 PM] 0: Left punch[07:16:39 PM] 1: Right kick[07:16:39 PM] 2: Left kick[07:16:39 PM] 3: Stab[07:16:39 PM] 4: Right punch[07:16:39 PM] Choice? [07:16:39 PM] User: 1[07:16:39 PM] Monkey11 has kick'd Huminoid Taco's torso![07:16:39 PM] Monkey11's kick will take 3 turns[07:16:39 PM] Huminoid Taco's torso took 20 DMG, it now has -15 HP![07:16:39 PM] Monkey11's left arm took 3 DMG from poison, it now has 13 HP[07:16:39 PM] Huminoid Taco has lost his torso![07:16:39 PM] Huminoid Taco [07:16:39 PM] died![07:16:39 PM] Monkey11 has vanquished his foes![07:16:39 PM] You must go on to fight wierder stuff![07:16:39 PM] 0: Fang, HP: 5[07:16:39 PM] 1: Head, HP: 30[07:16:39 PM] 2: Tail, HP: 40[07:16:39 PM] Choice? [07:16:40 PM] User: 1[07:16:40 PM] 0: Left bite[07:16:40 PM] 1: Left punch[07:16:40 PM] 2: Right kick[07:16:40 PM] 3: Left kick[07:16:40 PM] 4: Stab[07:16:40 PM] 5: Right punch[07:16:40 PM] Choice? [07:16:40 PM] User: 1[07:16:40 PM] Monkey11 has punch'd Python's head![07:16:40 PM] Monkey11's punch will take 5 turns[07:16:40 PM] Python's head took 15 DMG, it now has 15 HP![07:16:40 PM] Python has bite'd Monkey11's left arm![07:16:40 PM] Python's bite will take 4 turns[07:16:40 PM] Monkey11's left arm took 5 DMG, it now has 25 HP![07:16:40 PM] Monkey11's left arm has 10 poison markers.[07:16:40 PM] Monkey11's left arm took 10 DMG from poison, it now has 15 HP[07:16:40 PM] Monkey11's left arm took 9 DMG from poison, it now has 6 HP[07:16:40 PM] Monkey11's left arm took 8 DMG from poison, it now has -2 HP[07:16:40 PM] Monkey11 has lost his left arm![07:16:40 PM] 0: Fang, HP: 5[07:16:40 PM] 1: Head, HP: 15[07:16:40 PM] 2: Tail, HP: 40[07:16:40 PM] Choice? [07:16:41 PM] User: 1[07:16:41 PM] 0: Left bite[07:16:41 PM] 1: Right kick[07:16:41 PM] 2: Left kick[07:16:41 PM] 3: Stab[07:16:41 PM] Choice? [07:16:42 PM] User: 1[07:16:42 PM] Monkey11 has kick'd Python's head![07:16:42 PM] Monkey11's kick will take 3 turns[07:16:42 PM] Python has whip'd Monkey11's left fang![07:16:42 PM] Python's whip will take 4 turns[07:16:42 PM] Python's head took 20 DMG, it now has -5 HP![07:16:42 PM] Monkey11's left fang took 5 DMG, it now has 0 HP![07:16:42 PM] Python has lost his head![07:16:42 PM] Python has lost his fang![07:16:42 PM] Python died![07:16:42 PM] Monkey11 has vanquished his foes![07:16:42 PM] 0: Fang, HP: 5[07:16:42 PM] 1: Head, HP: 30[07:16:42 PM] 2: Tail, HP: 40[07:16:42 PM] Choice? [07:16:43 PM] User: 1[07:16:43 PM] 0: Right kick[07:16:43 PM] 1: Left bite[07:16:43 PM] 2: Stab[07:16:43 PM] 3: Right punch[07:16:43 PM] 4: Left kick[07:16:43 PM] Choice? [07:16:44 PM] User: 1[07:16:44 PM] Monkey11 has bite'd Montey's head![07:16:44 PM] Monkey11's bite will take 3 turns[07:16:44 PM] Montey's head took 5 DMG, it now has 25 HP![07:16:44 PM] Montey's head has 10 poison markers.[07:16:44 PM] Montey's head took 10 DMG from poison, it now has 15 HP[07:16:44 PM] Montey has whip'd Monkey11's right leg![07:16:44 PM] Montey's whip will take 4 turns[07:16:44 PM] Monkey11's right leg took 5 DMG, it now has 25 HP![07:16:44 PM] Montey's head took 9 DMG from poison, it now has 6 HP[07:16:44 PM] Montey's head took 8 DMG from poison, it now has -2 HP[07:16:44 PM] Montey has lost his head![07:16:44 PM] Montey has lost his fang![07:16:44 PM] Montey died![07:16:44 PM] Monkey11 has vanquished his foes![07:16:44 PM] 0: Head, HP: 30[07:16:44 PM] 1: Barb, HP: 10[07:16:44 PM] Choice? [07:16:45 PM] User: 1[07:16:45 PM] 0: Right kick[07:16:45 PM] 1: Left bite[07:16:45 PM] 2: Stab[07:16:45 PM] 3: Right punch[07:16:45 PM] 4: Left kick[07:16:45 PM] Choice? [07:16:45 PM] User: 1[07:16:45 PM] Monkey11 has bite'd Beezulbub's barb![07:16:45 PM] Monkey11's bite will take 3 turns[07:16:45 PM] Beezulbub has sting'd Monkey11's left leg![07:16:45 PM] Beezulbub's sting will take 3 turns[07:16:45 PM] Beezulbub's barb took 5 DMG, it now has 5 HP![07:16:45 PM] Beezulbub's barb has 10 poison markers.[07:16:45 PM] Monkey11's left leg took 2 DMG, it now has 28 HP![07:16:45 PM] Monkey11's left leg has 10 poison markers.[07:16:45 PM] Monkey11's left leg took 10 DMG from poison, it now has 18 HP[07:16:45 PM] Beezulbub's barb took 10 DMG from poison, it now has -5 HP[07:16:45 PM] Beezulbub has lost his barb![07:16:45 PM] Monkey11's left leg took 9 DMG from poison, it now has 9 HP[07:16:45 PM] Monkey11's left leg took 8 DMG from poison, it now has 1 HP[07:16:45 PM] 0: Head, HP: 30[07:16:45 PM] Choice? [07:17:47 PM] User: sez[07:17:47 PM] Bad choice! Bad![07:17:47 PM] Choice? [07:17:49 PM] User: also[07:17:49 PM] Bad choice! Bad![07:17:49 PM] Choice? [07:17:53 PM] User: you have no spaces[07:17:53 PM] Bad choice! Bad![07:17:53 PM] Choice? [07:17:58 PM] User: is that on purpose[07:17:58 PM] Bad choice! Bad![07:17:58 PM] Choice? [07:20:34 PM] User: there are no spaces in what you say[07:20:34 PM] Bad choice! Bad![07:20:34 PM] Choice? [07:21:06 PM] User: also theres extra Admin sez: floating around[07:21:06 PM] Bad choice! Bad![07:21:06 PM] Choice? [07:22:06 PM] User: bye[07:22:06 PM] Bad choice! Bad![07:22:06 PM] Choice? [07:22:08 PM] Log closed.